94	Mbps 
94	Mbps 
94	Mbps 
94	Mbps 
94	Mbps 
94	Mbps 
94	Mbps 
94	Mbps 
94	Mbps 
94	Mbps 
94	Mbps 
94	Mbps 
94	Mbps 
94	Mbps 
94	Mbps 
94	Mbps 
94	Mbps 
94	Mbps 
94	Mbps 
94	Mbps 
94	Mbps 
94	Mbps 
94	Mbps 
94	Mbps 
94	Mbps 
94	Mbps 
94	Mbps 
94	Mbps 
94	Mbps 
94	Mbps 
94	Mbps 
94	Mbps 
94	Mbps 
94	Mbps 
94	Mbps 
94	Mbps 
94	Mbps 
94	Mbps 
94	Mbps 
94	Mbps 
94	Mbps 
94	Mbps 
93	Mbps 
93	Mbps 
94	Mbps 
94	Mbps 
94	Mbps 
94	Mbps 
94	Mbps 
94	Mbps 
94	Mbps 
94	Mbps 
94	Mbps 
94	Mbps 
94	Mbps 
94	Mbps 
94	Mbps 
94	Mbps 
94	Mbps 
94	Mbps 
94	Mbps 
94	Mbps 
94	Mbps 
94	Mbps 
94	Mbps 
94	Mbps 
94	Mbps 
94	Mbps 
94	Mbps 
