94	Mbps 
94	Mbps 
94	Mbps 
94	Mbps 
94	Mbps 
94	Mbps 
94	Mbps 
94	Mbps 
94	Mbps 
94	Mbps 
94	Mbps 
94	Mbps 
94	Mbps 
94	Mbps 
94	Mbps 
94	Mbps 
94	Mbps 
94	Mbps 
94	Mbps 
94	Mbps 
94	Mbps 
94	Mbps 
94	Mbps 
94	Mbps 
94	Mbps 
94	Mbps 
94	Mbps 
94	Mbps 
94	Mbps 
94	Mbps 
94	Mbps 
94	Mbps 
94	Mbps 
94	Mbps 
94	Mbps 
94	Mbps 
94	Mbps 
94	Mbps 
94	Mbps 
94	Mbps 
94	Mbps 
94	Mbps 
94	Mbps 
94	Mbps 
94	Mbps 
94	Mbps 
94	Mbps 
94	Mbps 
94	Mbps 
94	Mbps 
94	Mbps 
94	Mbps 
94	Mbps 
94	Mbps 
94	Mbps 
94	Mbps 
94	Mbps 
94	Mbps 
94	Mbps 
94	Mbps 
94	Mbps 
94	Mbps 
94	Mbps 
94	Mbps 
94	Mbps 
94	Mbps 
94	Mbps 
94	Mbps 
94	Mbps 
94	Mbps 
94	Mbps 
94	Mbps 
94	Mbps 
94	Mbps 
94	Mbps 
94	Mbps 
94	Mbps 
94	Mbps 
94	Mbps 
83	Mbps 
48	Mbps 
47	Mbps 
48	Mbps 
47	Mbps 
62	Mbps 
52	Mbps 
56	Mbps 
67	Mbps 
61	Mbps 
48	Mbps 
47	Mbps 
47	Mbps 
47	Mbps 
49	Mbps 
50	Mbps 
48	Mbps 
48	Mbps 
47	Mbps 
47	Mbps 
47	Mbps 
47	Mbps 
47	Mbps 
47	Mbps 
47	Mbps 
39	Mbps 
31	Mbps 
31	Mbps 
31	Mbps 
31	Mbps 
31	Mbps 
31	Mbps 
31	Mbps 
31	Mbps 
31	Mbps 
31	Mbps 
31	Mbps 
31	Mbps 
31	Mbps 
31	Mbps 
31	Mbps 
31	Mbps 
31	Mbps 
31	Mbps 
31	Mbps 
31	Mbps 
31	Mbps 
31	Mbps 
31	Mbps 
31	Mbps 
31	Mbps 
31	Mbps 
31	Mbps 
31	Mbps 
31	Mbps 
31	Mbps 
31	Mbps 
31	Mbps 
31	Mbps 
31	Mbps 
31	Mbps 
31	Mbps 
31	Mbps 
31	Mbps 
31	Mbps 
31	Mbps 
31	Mbps 
31	Mbps 
31	Mbps 
31	Mbps 
31	Mbps 
31	Mbps 
