94.00 Mbps 
94.00 Mbps 
94.00 Mbps 
94.00 Mbps 
94.00 Mbps 
94.00 Mbps 
94.00 Mbps 
94.00 Mbps 
94.00 Mbps 
94.00 Mbps 
94.00 Mbps 
94.00 Mbps 
94.00 Mbps 
94.00 Mbps 
94.00 Mbps 
94.00 Mbps 
94.00 Mbps 
94.00 Mbps 
94.00 Mbps 
94.00 Mbps 
94.00 Mbps 
94.00 Mbps 
94.00 Mbps 
94.00 Mbps 
94.00 Mbps 
94.00 Mbps 
94.00 Mbps 
94.00 Mbps 
94.00 Mbps 
94.00 Mbps 
94.00 Mbps 
94.00 Mbps 
94.00 Mbps 
94.00 Mbps 
94.00 Mbps 
94.00 Mbps 
94.00 Mbps 
94.00 Mbps 
94.00 Mbps 
94.00 Mbps 
94.00 Mbps 
94.00 Mbps 
94.00 Mbps 
94.00 Mbps 
94.00 Mbps 
94.00 Mbps 
94.00 Mbps 
94.00 Mbps 
94.00 Mbps 
94.00 Mbps 
94.00 Mbps 
94.00 Mbps 
94.00 Mbps 
94.00 Mbps 
94.00 Mbps 
94.00 Mbps 
94.00 Mbps 
94.00 Mbps 
93.00 Mbps 
94.00 Mbps 
94.00 Mbps 
94.00 Mbps 
94.00 Mbps 
94.00 Mbps 
94.00 Mbps 
94.00 Mbps 
94.00 Mbps 
94.00 Mbps 
94.00 Mbps 
94.00 Mbps 
93.00 Mbps 
94.00 Mbps 
94.00 Mbps 
94.00 Mbps 
94.00 Mbps 
94.00 Mbps 
94.00 Mbps 
94.00 Mbps 
94.00 Mbps 
62.00 Mbps 
50.00 Mbps 
50.00 Mbps 
48.00 Mbps 
47.00 Mbps 
48.00 Mbps 
48.00 Mbps 
49.00 Mbps 
48.00 Mbps 
47.00 Mbps 
47.00 Mbps 
47.00 Mbps 
47.00 Mbps 
47.00 Mbps 
47.00 Mbps 
47.00 Mbps 
47.00 Mbps 
47.00 Mbps 
47.00 Mbps 
47.00 Mbps 
47.00 Mbps 
47.00 Mbps 
48.00 Mbps 
47.00 Mbps 
47.00 Mbps 
47.00 Mbps 
47.00 Mbps 
47.00 Mbps 
47.00 Mbps 
47.00 Mbps 
47.00 Mbps 
47.00 Mbps 
46.00 Mbps 
47.00 Mbps 
47.00 Mbps 
47.00 Mbps 
47.00 Mbps 
47.00 Mbps 
47.00 Mbps 
47.00 Mbps 
47.00 Mbps 
47.00 Mbps 
33.00 Mbps 
32.00 Mbps 
31.00 Mbps 
31.00 Mbps 
31.00 Mbps 
31.00 Mbps 
31.00 Mbps 
31.00 Mbps 
31.00 Mbps 
31.00 Mbps 
31.00 Mbps 
31.00 Mbps 
31.00 Mbps 
32.00 Mbps 
31.00 Mbps 
31.00 Mbps 
31.00 Mbps 
31.00 Mbps 
31.00 Mbps 
31.00 Mbps 
31.00 Mbps 
31.00 Mbps 
31.00 Mbps 
31.00 Mbps 
31.00 Mbps 
31.00 Mbps 
31.00 Mbps 
31.00 Mbps 
45.00 Mbps 
47.00 Mbps 
94.00 Mbps 
94.00 Mbps 
94.00 Mbps 
94.00 Mbps 
94.00 Mbps 
