42	Mbps 
46	Mbps 
46	Mbps 
46	Mbps 
36	Mbps 
37	Mbps 
42	Mbps 
27	Mbps 
27	Mbps 
45	Mbps 
47	Mbps 
46	Mbps 
47	Mbps 
45	Mbps 
42	Mbps 
45	Mbps 
45	Mbps 
47	Mbps 
47	Mbps 
46	Mbps 
46	Mbps 
46	Mbps 
47	Mbps 
46	Mbps 
43	Mbps 
31	Mbps 
31	Mbps 
31	Mbps 
31	Mbps 
31	Mbps 
31	Mbps 
31	Mbps 
31	Mbps 
31	Mbps 
31	Mbps 
31	Mbps 
31	Mbps 
31	Mbps 
31	Mbps 
31	Mbps 
31	Mbps 
31	Mbps 
31	Mbps 
31	Mbps 
31	Mbps 
31	Mbps 
31	Mbps 
31	Mbps 
31	Mbps 
31	Mbps 
31	Mbps 
31	Mbps 
31	Mbps 
31	Mbps 
31	Mbps 
31	Mbps 
31	Mbps 
31	Mbps 
31	Mbps 
31	Mbps 
31	Mbps 
31	Mbps 
31	Mbps 
31	Mbps 
32	Mbps 
31	Mbps 
31	Mbps 
31	Mbps 
31	Mbps 
31	Mbps 
31	Mbps 
