94	Mbps 
75	Mbps 
46	Mbps 
47	Mbps 
47	Mbps 
47	Mbps 
47	Mbps 
47	Mbps 
47	Mbps 
47	Mbps 
47	Mbps 
47	Mbps 
47	Mbps 
47	Mbps 
47	Mbps 
50	Mbps 
49	Mbps 
47	Mbps 
47	Mbps 
47	Mbps 
47	Mbps 
47	Mbps 
47	Mbps 
47	Mbps 
47	Mbps 
47	Mbps 
47	Mbps 
46	Mbps 
47	Mbps 
46	Mbps 
50	Mbps 
48	Mbps 
45	Mbps 
44	Mbps 
45	Mbps 
47	Mbps 
48	Mbps 
48	Mbps 
47	Mbps 
49	Mbps 
49	Mbps 
43	Mbps 
44	Mbps 
47	Mbps 
46	Mbps 
43	Mbps 
43	Mbps 
45	Mbps 
46	Mbps 
47	Mbps 
48	Mbps 
49	Mbps 
47	Mbps 
50	Mbps 
47	Mbps 
47	Mbps 
48	Mbps 
45	Mbps 
44	Mbps 
47	Mbps 
45	Mbps 
45	Mbps 
43	Mbps 
43	Mbps 
47	Mbps 
50	Mbps 
48	Mbps 
46	Mbps 
46	Mbps 
43	Mbps 
44	Mbps 
46	Mbps 
