42.00 Mbps 
43.00 Mbps 
43.00 Mbps 
46.00 Mbps 
46.00 Mbps 
46.00 Mbps 
45.00 Mbps 
45.00 Mbps 
45.00 Mbps 
46.00 Mbps 
47.00 Mbps 
46.00 Mbps 
46.00 Mbps 
47.00 Mbps 
46.00 Mbps 
46.00 Mbps 
47.00 Mbps 
46.00 Mbps 
47.00 Mbps 
46.00 Mbps 
47.00 Mbps 
47.00 Mbps 
46.00 Mbps 
46.00 Mbps 
46.00 Mbps 
47.00 Mbps 
46.00 Mbps 
46.00 Mbps 
46.00 Mbps 
46.00 Mbps 
47.00 Mbps 
46.00 Mbps 
47.00 Mbps 
47.00 Mbps 
47.00 Mbps 
47.00 Mbps 
46.00 Mbps 
46.00 Mbps 
46.00 Mbps 
46.00 Mbps 
46.00 Mbps 
44.00 Mbps 
32.00 Mbps 
31.00 Mbps 
31.00 Mbps 
31.00 Mbps 
31.00 Mbps 
31.00 Mbps 
31.00 Mbps 
31.00 Mbps 
31.00 Mbps 
31.00 Mbps 
31.00 Mbps 
31.00 Mbps 
31.00 Mbps 
31.00 Mbps 
31.00 Mbps 
31.00 Mbps 
31.00 Mbps 
31.00 Mbps 
31.00 Mbps 
31.00 Mbps 
31.00 Mbps 
31.00 Mbps 
31.00 Mbps 
31.00 Mbps 
31.00 Mbps 
31.00 Mbps 
31.00 Mbps 
33.00 Mbps 
47.00 Mbps 
